This is XeTeX, Version 3.141592653-2.6-0.999997 (MiKTeX 25.4) (preloaded format=xelatex 2025.11.10)  20 NOV 2025 21:43
entering extended mode
 restricted \write18 enabled.
 %&-line parsing enabled.
**main.tex
(D:\LaTeX\tex/latex/tools\x.tex
LaTeX2e <2025-11-01>
L3 programming layer <2025-10-24>

! .
l.38   \batchmode \errmessage{}
                               \csname @@end\endcsname \end
This error message was generated by an \errmessage
command, so I can't give any explicit help.
Pretend that you're Hercule Poirot: Examine all clues,
and deduce the truth by order and method.

 ) 
Here is how much of TeX's memory you used:
 15 strings out of 402987
 258 string characters out of 5455975
 426388 words of memory out of 5000000
 28809 multiletter control sequences out of 15000+600000
 627721 words of font info for 40 fonts, out of 8000000 for 9000
 1348 hyphenation exceptions out of 8191
 11i,0n,13p,88b,8s stack positions out of 10000i,1000n,20000p,200000b,200000s

No pages of output.
